<?xml version="1.0" encoding="UTF-8"?>
<testng-results ignored="3" total="4" passed="1" failed="0" skipped="0">
  <reporter-output>
  </reporter-output>
  <suite started-at="2025-05-15T06:49:58 IST" name="Suite" finished-at="2025-05-15T06:50:21 IST" duration-ms="22507">
    <groups>
      <group name="regression">
        <method signature="LoginTest.test_InvalidLogin()[pri:3, instance:Test.LoginTest@183ec003]" name="test_InvalidLogin" class="Test.LoginTest"/>
      </group> <!-- regression -->
    </groups>
    <test started-at="2025-05-15T06:49:58 IST" name="Test" finished-at="2025-05-15T06:50:21 IST" duration-ms="22507">
      <class name="Test.LoginTest">
        <test-method is-config="true" signature="prerequisite(java.lang.String)[pri:0, instance:Test.LoginTest@183ec003]" started-at="2025-05-15T06:49:59 IST" name="prerequisite" finished-at="2025-05-15T06:50:12 IST" duration-ms="13438" status="PASS">
          <params>
            <param index="0">
              <value>
                <![CDATA[edge]]>
              </value>
            </param>
          </params>
          <reporter-output>
          </reporter-output>
        </test-method> <!-- prerequisite -->
        <test-method signature="test_InvalidLogin()[pri:3, instance:Test.LoginTest@183ec003]" started-at="2025-05-15T06:50:12 IST" name="test_InvalidLogin" finished-at="2025-05-15T06:50:18 IST" duration-ms="5899" status="PASS">
          <reporter-output>
          </reporter-output>
        </test-method> <!-- test_InvalidLogin -->
        <test-method is-config="true" signature="teardown()[pri:0, instance:Test.LoginTest@183ec003]" started-at="2025-05-15T06:50:18 IST" name="teardown" finished-at="2025-05-15T06:50:21 IST" duration-ms="2463" status="PASS">
          <reporter-output>
          </reporter-output>
        </test-method> <!-- teardown -->
      </class> <!-- Test.LoginTest -->
    </test> <!-- Test -->
  </suite> <!-- Suite -->
</testng-results>
