<?xml version="1.0" encoding="UTF-8"?>
<!-- Generated by org.testng.reporters.JUnitXMLReporter -->
<testsuite ignored="0" hostname="MSI" failures="1" tests="4" name="ChromeTest" time="75.451" errors="0" timestamp="2025-05-15T06:26:55 IST">
  <testcase classname="Test.LoginTest" name="test_IsusernameDisplayed" time="5.439"/>
  <testcase classname="Test.HomeTest" name="test_verifyTitle" time="10.095"/>
  <testcase classname="Test.LoginTest" name="test_InvalidLogin" time="6.118"/>
  <testcase classname="Test.LoginTest" name="test_LoginToApplication" time="1.505">
    <failure type="java.lang.AssertionError" message="Test case is failed">
      <![CDATA[java.lang.AssertionError: Test case is failed
at Test.LoginTest.test_LoginToApplication(LoginTest.java:67)
at java.base/java.util.concurrent.Executors$RunnableAdapter.call(Executors.java:539)
at java.base/java.util.concurrent.FutureTask.run(FutureTask.java:264)
at java.base/java.util.concurrent.ThreadPoolExecutor.runWorker(ThreadPoolExecutor.java:1136)
at java.base/java.util.concurrent.ThreadPoolExecutor$Worker.run(ThreadPoolExecutor.java:635)
at java.base/java.lang.Thread.run(Thread.java:833)
... Removed 14 stack frames]]>
    </failure>
  </testcase> <!-- test_LoginToApplication -->
</testsuite> <!-- ChromeTest -->
