<?xml version="1.0" encoding="UTF-8"?>
<!-- Generated by org.testng.reporters.JUnitXMLReporter -->
<testsuite ignored="3" hostname="MSI" failures="0" tests="1" name="Test" time="22.507" errors="0" timestamp="2025-05-15T06:50:21 IST">
  <testcase classname="Test.LoginTest" name="test_InvalidLogin" time="5.899"/>
  <testcase classname="Test.LoginTest" name="test_LoginToApplication" time="0.0">
    <ignored/>
  </testcase> <!-- test_LoginToApplication -->
  <testcase classname="Test.LoginTest" name="test_IsusernameDisplayed" time="0.0">
    <ignored/>
  </testcase> <!-- test_IsusernameDisplayed -->
  <testcase classname="Test.HomeTest" name="test_verifyTitle" time="0.0">
    <ignored/>
  </testcase> <!-- test_verifyTitle -->
</testsuite> <!-- Test -->
